<?xml version="1.0" encoding="UTF-8"?>
<!-- Generated by org.testng.reporters.JUnitXMLReporter -->
<testsuite hostname="JFSF16135683" ignored="0" name="Test" tests="12" failures="0" timestamp="15 Jul 2020 07:58:05 GMT" time="149.929" errors="0">
  <testcase name="verifylogo" time="0.505" classname="com.makaan.qa.testpages.HomePageTest"/>
  <testcase name="verifytitle" time="0.015" classname="com.makaan.qa.testpages.LoginTestPage"/>
  <testcase name="verifymobilenumber" time="1.351" classname="com.makaan.qa.testpages.GetAppLinkTestPage"/>
  <testcase name="verifyforgotpasswrod" time="3.257" classname="com.makaan.qa.testpages.ForgotTestPage"/>
  <testcase name="verifylist" time="1.507" classname="com.makaan.qa.testpages.HomePageTest"/>
  <testcase name="verifylogin" time="3.169" classname="com.makaan.qa.testpages.LoginTestPage"/>
  <testcase name="verify_play_store_link" time="1.684" classname="com.makaan.qa.testpages.GetAppLinkTestPage"/>
  <testcase name="verify_send_otp" time="5.595" classname="com.makaan.qa.testpages.ForgotTestPage"/>
  <testcase name="verify_buy_gettext" time="0.16" classname="com.makaan.qa.testpages.HomePageTest"/>
  <testcase name="verify_app_store_link" time="13.262" classname="com.makaan.qa.testpages.GetAppLinkTestPage"/>
  <testcase name="verify_rent_gettext" time="1.17" classname="com.makaan.qa.testpages.HomePageTest"/>
  <testcase name="verify_agents_gettext" time="1.048" classname="com.makaan.qa.testpages.HomePageTest"/>
</testsuite> <!-- Test -->
