<?xml version="1.0" encoding="UTF-8"?>
<testng-results skipped="0" failed="1" ignored="0" total="16" passed="15">
  <reporter-output>
  </reporter-output>
  <suite name="Suite" duration-ms="224335" started-at="2020-07-17T16:49:05Z" finished-at="2020-07-17T16:52:50Z">
    <groups>
    </groups>
    <test name="Test" duration-ms="224335" started-at="2020-07-17T16:49:05Z" finished-at="2020-07-17T16:52:50Z">
      <class name="com.makaan.qa.testpages.HomePageTest">
        <test-method status="PASS" signature="setup()[pri:0, instance:com.makaan.qa.testpages.HomePageTest@5034c75a]" name="setup" is-config="true" duration-ms="16653" started-at="2020-07-17T22:19:05Z" finished-at="2020-07-17T22:19:22Z">
          <reporter-output>
          </reporter-output>
        </test-method> <!-- setup -->
        <test-method status="PASS" signature="verifylogo()[pri:1, instance:com.makaan.qa.testpages.HomePageTest@5034c75a]" name="verifylogo" duration-ms="1501" started-at="2020-07-17T22:19:22Z" finished-at="2020-07-17T22:19:24Z">
          <reporter-output>
          </reporter-output>
        </test-method> <!-- verifylogo -->
        <test-method status="PASS" signature="teardown()[pri:0, instance:com.makaan.qa.testpages.HomePageTest@5034c75a]" name="teardown" is-config="true" duration-ms="1041" started-at="2020-07-17T22:19:24Z" finished-at="2020-07-17T22:19:25Z">
          <reporter-output>
          </reporter-output>
        </test-method> <!-- teardown -->
        <test-method status="PASS" signature="setup()[pri:0, instance:com.makaan.qa.testpages.HomePageTest@5034c75a]" name="setup" is-config="true" duration-ms="6836" started-at="2020-07-17T22:21:12Z" finished-at="2020-07-17T22:21:19Z">
          <reporter-output>
          </reporter-output>
        </test-method> <!-- setup -->
        <test-method status="PASS" signature="verifylist()[pri:2, instance:com.makaan.qa.testpages.HomePageTest@5034c75a]" name="verifylist" duration-ms="1418" started-at="2020-07-17T22:21:19Z" finished-at="2020-07-17T22:21:20Z">
          <reporter-output>
          </reporter-output>
        </test-method> <!-- verifylist -->
        <test-method status="PASS" signature="teardown()[pri:0, instance:com.makaan.qa.testpages.HomePageTest@5034c75a]" name="teardown" is-config="true" duration-ms="1223" started-at="2020-07-17T22:21:20Z" finished-at="2020-07-17T22:21:21Z">
          <reporter-output>
          </reporter-output>
        </test-method> <!-- teardown -->
        <test-method status="PASS" signature="setup()[pri:0, instance:com.makaan.qa.testpages.HomePageTest@5034c75a]" name="setup" is-config="true" duration-ms="6644" started-at="2020-07-17T22:21:51Z" finished-at="2020-07-17T22:21:57Z">
          <reporter-output>
          </reporter-output>
        </test-method> <!-- setup -->
        <test-method status="FAIL" signature="verify_buy_gettext()[pri:3, instance:com.makaan.qa.testpages.HomePageTest@5034c75a]" name="verify_buy_gettext" duration-ms="20489" started-at="2020-07-17T22:21:57Z" finished-at="2020-07-17T22:22:18Z">
          <exception class="org.openqa.selenium.TimeoutException">
            <message>
              <![CDATA[Expected condition failed: waiting for text ('pick location, builder or project') to be present in element [[ChromeDriver: chrome on XP (50b788335a99724d24f0a422d802ee05)] -> xpath: (//input[@class='js-input thinput'])[2]] (tried for 20 second(s) with 500 milliseconds interval)
Build info: version: '3.141.59', revision: 'e82be7d358', time: '2018-11-14T08:17:03'
System info: host: 'JFSF16135683', ip: '172.20.17.34', os.name: 'Windows 10', os.arch: 'amd64', os.version: '10.0', java.version: '1.8.0_172'
Driver info: org.openqa.selenium.support.events.EventFiringWebDriver
Capabilities {acceptInsecureCerts: false, acceptSslCerts: false, applicationCacheEnabled: false, browserConnectionEnabled: false, browserName: chrome, chrome: {chromedriverVersion: 2.38.552522 (437e6fbedfa876..., userDataDir: C:\Users\MOHITM~1.COG\AppDa...}, cssSelectorsEnabled: true, databaseEnabled: false, handlesAlerts: true, hasTouchScreen: false, javascriptEnabled: true, locationContextEnabled: true, mobileEmulationEnabled: false, nativeEvents: true, networkConnectionEnabled: false, pageLoadStrategy: normal, platform: XP, platformName: XP, rotatable: false, setWindowRect: true, takesHeapSnapshot: true, takesScreenshot: true, unexpectedAlertBehaviour: , unhandledPromptBehavior: , version: 84.0.4147.89, webStorageEnabled: true}
Session ID: 50b788335a99724d24f0a422d802ee05]]>
            </message>
            <full-stacktrace>
              <![CDATA[org.openqa.selenium.TimeoutException: Expected condition failed: waiting for text ('pick location, builder or project') to be present in element [[ChromeDriver: chrome on XP (50b788335a99724d24f0a422d802ee05)] -> xpath: (//input[@class='js-input thinput'])[2]] (tried for 20 second(s) with 500 milliseconds interval)
Build info: version: '3.141.59', revision: 'e82be7d358', time: '2018-11-14T08:17:03'
System info: host: 'JFSF16135683', ip: '172.20.17.34', os.name: 'Windows 10', os.arch: 'amd64', os.version: '10.0', java.version: '1.8.0_172'
Driver info: org.openqa.selenium.support.events.EventFiringWebDriver
Capabilities {acceptInsecureCerts: false, acceptSslCerts: false, applicationCacheEnabled: false, browserConnectionEnabled: false, browserName: chrome, chrome: {chromedriverVersion: 2.38.552522 (437e6fbedfa876..., userDataDir: C:\Users\MOHITM~1.COG\AppDa...}, cssSelectorsEnabled: true, databaseEnabled: false, handlesAlerts: true, hasTouchScreen: false, javascriptEnabled: true, locationContextEnabled: true, mobileEmulationEnabled: false, nativeEvents: true, networkConnectionEnabled: false, pageLoadStrategy: normal, platform: XP, platformName: XP, rotatable: false, setWindowRect: true, takesHeapSnapshot: true, takesScreenshot: true, unexpectedAlertBehaviour: , unhandledPromptBehavior: , version: 84.0.4147.89, webStorageEnabled: true}
Session ID: 50b788335a99724d24f0a422d802ee05
	at org.openqa.selenium.support.ui.WebDriverWait.timeoutException(WebDriverWait.java:95)
	at org.openqa.selenium.support.ui.FluentWait.until(FluentWait.java:272)
	at com.makaan.qa.pages.HomePage.getext(HomePage.java:68)
	at com.makaan.qa.testpages.HomePageTest.verify_buy_gettext(HomePageTest.java:40)
	at sun.reflect.NativeMethodAccessorImpl.invoke0(Native Method)
	at sun.reflect.NativeMethodAccessorImpl.invoke(NativeMethodAccessorImpl.java:62)
	at sun.reflect.DelegatingMethodAccessorImpl.invoke(DelegatingMethodAccessorImpl.java:43)
	at java.lang.reflect.Method.invoke(Method.java:498)
	at org.testng.internal.MethodInvocationHelper.invokeMethod(MethodInvocationHelper.java:108)
	at org.testng.internal.Invoker.invokeMethod(Invoker.java:661)
	at org.testng.internal.Invoker.invokeTestMethod(Invoker.java:869)
	at org.testng.internal.Invoker.invokeTestMethods(Invoker.java:1193)
	at org.testng.internal.TestMethodWorker.invokeTestMethods(TestMethodWorker.java:126)
	at org.testng.internal.TestMethodWorker.run(TestMethodWorker.java:109)
	at org.testng.TestRunner.privateRun(TestRunner.java:744)
	at org.testng.TestRunner.run(TestRunner.java:602)
	at org.testng.SuiteRunner.runTest(SuiteRunner.java:380)
	at org.testng.SuiteRunner.runSequentially(SuiteRunner.java:375)
	at org.testng.SuiteRunner.privateRun(SuiteRunner.java:340)
	at org.testng.SuiteRunner.run(SuiteRunner.java:289)
	at org.testng.SuiteRunnerWorker.runSuite(SuiteRunnerWorker.java:52)
	at org.testng.SuiteRunnerWorker.run(SuiteRunnerWorker.java:86)
	at org.testng.TestNG.runSuitesSequentially(TestNG.java:1301)
	at org.testng.TestNG.runSuitesLocally(TestNG.java:1226)
	at org.testng.TestNG.runSuites(TestNG.java:1144)
	at org.testng.TestNG.run(TestNG.java:1115)
	at org.apache.maven.surefire.testng.TestNGExecutor.run(TestNGExecutor.java:284)
	at org.apache.maven.surefire.testng.TestNGXmlTestSuite.execute(TestNGXmlTestSuite.java:75)
	at org.apache.maven.surefire.testng.TestNGProvider.invoke(TestNGProvider.java:119)
	at org.apache.maven.surefire.booter.ForkedBooter.runSuitesInProcess(ForkedBooter.java:428)
	at org.apache.maven.surefire.booter.ForkedBooter.execute(ForkedBooter.java:162)
	at org.apache.maven.surefire.booter.ForkedBooter.run(ForkedBooter.java:562)
	at org.apache.maven.surefire.booter.ForkedBooter.main(ForkedBooter.java:548)
]]>
            </full-stacktrace>
          </exception> <!-- org.openqa.selenium.TimeoutException -->
          <reporter-output>
          </reporter-output>
        </test-method> <!-- verify_buy_gettext -->
        <test-method status="PASS" signature="teardown()[pri:0, instance:com.makaan.qa.testpages.HomePageTest@5034c75a]" name="teardown" is-config="true" duration-ms="846" started-at="2020-07-17T22:22:18Z" finished-at="2020-07-17T22:22:19Z">
          <reporter-output>
          </reporter-output>
        </test-method> <!-- teardown -->
        <test-method status="PASS" signature="setup()[pri:0, instance:com.makaan.qa.testpages.HomePageTest@5034c75a]" name="setup" is-config="true" duration-ms="7557" started-at="2020-07-17T22:22:32Z" finished-at="2020-07-17T22:22:39Z">
          <reporter-output>
          </reporter-output>
        </test-method> <!-- setup -->
        <test-method status="PASS" signature="verify_rent_gettext()[pri:4, instance:com.makaan.qa.testpages.HomePageTest@5034c75a]" name="verify_rent_gettext" duration-ms="1297" started-at="2020-07-17T22:22:39Z" finished-at="2020-07-17T22:22:41Z">
          <reporter-output>
          </reporter-output>
        </test-method> <!-- verify_rent_gettext -->
        <test-method status="PASS" signature="teardown()[pri:0, instance:com.makaan.qa.testpages.HomePageTest@5034c75a]" name="teardown" is-config="true" duration-ms="785" started-at="2020-07-17T22:22:41Z" finished-at="2020-07-17T22:22:41Z">
          <reporter-output>
          </reporter-output>
        </test-method> <!-- teardown -->
        <test-method status="PASS" signature="setup()[pri:0, instance:com.makaan.qa.testpages.HomePageTest@5034c75a]" name="setup" is-config="true" duration-ms="6507" started-at="2020-07-17T22:22:41Z" finished-at="2020-07-17T22:22:48Z">
          <reporter-output>
          </reporter-output>
        </test-method> <!-- setup -->
        <test-method status="PASS" signature="verify_agents_gettext()[pri:5, instance:com.makaan.qa.testpages.HomePageTest@5034c75a]" name="verify_agents_gettext" duration-ms="927" started-at="2020-07-17T22:22:48Z" finished-at="2020-07-17T22:22:49Z">
          <reporter-output>
          </reporter-output>
        </test-method> <!-- verify_agents_gettext -->
        <test-method status="PASS" signature="teardown()[pri:0, instance:com.makaan.qa.testpages.HomePageTest@5034c75a]" name="teardown" is-config="true" duration-ms="749" started-at="2020-07-17T22:22:49Z" finished-at="2020-07-17T22:22:50Z">
          <reporter-output>
          </reporter-output>
        </test-method> <!-- teardown -->
      </class> <!-- com.makaan.qa.testpages.HomePageTest -->
      <class name="com.makaan.qa.testpages.GetAppLinkTestPage">
        <test-method status="PASS" signature="setup()[pri:0, instance:com.makaan.qa.testpages.GetAppLinkTestPage@7f9a81e8]" name="setup" is-config="true" duration-ms="7287" started-at="2020-07-17T22:19:52Z" finished-at="2020-07-17T22:19:59Z">
          <reporter-output>
          </reporter-output>
        </test-method> <!-- setup -->
        <test-method status="PASS" signature="verifymobilenumber()[pri:1, instance:com.makaan.qa.testpages.GetAppLinkTestPage@7f9a81e8]" name="verifymobilenumber" duration-ms="1437" started-at="2020-07-17T22:19:59Z" finished-at="2020-07-17T22:20:01Z">
          <reporter-output>
          </reporter-output>
        </test-method> <!-- verifymobilenumber -->
        <test-method status="PASS" signature="teardown()[pri:0, instance:com.makaan.qa.testpages.GetAppLinkTestPage@7f9a81e8]" name="teardown" is-config="true" duration-ms="821" started-at="2020-07-17T22:20:01Z" finished-at="2020-07-17T22:20:01Z">
          <reporter-output>
          </reporter-output>
        </test-method> <!-- teardown -->
        <test-method status="PASS" signature="setup()[pri:0, instance:com.makaan.qa.testpages.GetAppLinkTestPage@7f9a81e8]" name="setup" is-config="true" duration-ms="7840" started-at="2020-07-17T22:21:03Z" finished-at="2020-07-17T22:21:10Z">
          <reporter-output>
          </reporter-output>
        </test-method> <!-- setup -->
        <test-method status="PASS" signature="verify_play_store_link()[pri:2, instance:com.makaan.qa.testpages.GetAppLinkTestPage@7f9a81e8]" name="verify_play_store_link" duration-ms="819" started-at="2020-07-17T22:21:10Z" finished-at="2020-07-17T22:21:11Z">
          <reporter-output>
          </reporter-output>
        </test-method> <!-- verify_play_store_link -->
        <test-method status="PASS" signature="teardown()[pri:0, instance:com.makaan.qa.testpages.GetAppLinkTestPage@7f9a81e8]" name="teardown" is-config="true" duration-ms="851" started-at="2020-07-17T22:21:11Z" finished-at="2020-07-17T22:21:12Z">
          <reporter-output>
          </reporter-output>
        </test-method> <!-- teardown -->
        <test-method status="PASS" signature="setup()[pri:0, instance:com.makaan.qa.testpages.GetAppLinkTestPage@7f9a81e8]" name="setup" is-config="true" duration-ms="7040" started-at="2020-07-17T22:22:19Z" finished-at="2020-07-17T22:22:26Z">
          <reporter-output>
          </reporter-output>
        </test-method> <!-- setup -->
        <test-method status="PASS" signature="verify_app_store_link()[pri:3, instance:com.makaan.qa.testpages.GetAppLinkTestPage@7f9a81e8]" name="verify_app_store_link" duration-ms="5422" started-at="2020-07-17T22:22:26Z" finished-at="2020-07-17T22:22:31Z">
          <reporter-output>
          </reporter-output>
        </test-method> <!-- verify_app_store_link -->
        <test-method status="PASS" signature="teardown()[pri:0, instance:com.makaan.qa.testpages.GetAppLinkTestPage@7f9a81e8]" name="teardown" is-config="true" duration-ms="838" started-at="2020-07-17T22:22:31Z" finished-at="2020-07-17T22:22:32Z">
          <reporter-output>
          </reporter-output>
        </test-method> <!-- teardown -->
      </class> <!-- com.makaan.qa.testpages.GetAppLinkTestPage -->
      <class name="com.makaan.qa.testpages.ForgotTestPage">
        <test-method status="PASS" signature="setup()[pri:0, instance:com.makaan.qa.testpages.ForgotTestPage@9629756]" name="setup" is-config="true" duration-ms="7640" started-at="2020-07-17T22:20:01Z" finished-at="2020-07-17T22:20:09Z">
          <reporter-output>
          </reporter-output>
        </test-method> <!-- setup -->
        <test-method status="PASS" signature="verifyforgotpasswrod()[pri:1, instance:com.makaan.qa.testpages.ForgotTestPage@9629756]" name="verifyforgotpasswrod" duration-ms="3214" started-at="2020-07-17T22:20:09Z" finished-at="2020-07-17T22:20:12Z">
          <reporter-output>
          </reporter-output>
        </test-method> <!-- verifyforgotpasswrod -->
        <test-method status="PASS" signature="teardown()[pri:0, instance:com.makaan.qa.testpages.ForgotTestPage@9629756]" name="teardown" is-config="true" duration-ms="808" started-at="2020-07-17T22:20:12Z" finished-at="2020-07-17T22:20:13Z">
          <reporter-output>
          </reporter-output>
        </test-method> <!-- teardown -->
        <test-method status="PASS" signature="setup()[pri:0, instance:com.makaan.qa.testpages.ForgotTestPage@9629756]" name="setup" is-config="true" duration-ms="6716" started-at="2020-07-17T22:21:21Z" finished-at="2020-07-17T22:21:28Z">
          <reporter-output>
          </reporter-output>
        </test-method> <!-- setup -->
        <test-method status="PASS" signature="verify_send_otp()[pri:2, instance:com.makaan.qa.testpages.ForgotTestPage@9629756]" name="verify_send_otp" duration-ms="7541" started-at="2020-07-17T22:21:28Z" finished-at="2020-07-17T22:21:36Z">
          <reporter-output>
          </reporter-output>
        </test-method> <!-- verify_send_otp -->
        <test-method status="PASS" signature="teardown()[pri:0, instance:com.makaan.qa.testpages.ForgotTestPage@9629756]" name="teardown" is-config="true" duration-ms="801" started-at="2020-07-17T22:21:36Z" finished-at="2020-07-17T22:21:37Z">
          <reporter-output>
          </reporter-output>
        </test-method> <!-- teardown -->
      </class> <!-- com.makaan.qa.testpages.ForgotTestPage -->
      <class name="com.makaan.qa.testpages.LogoutTestPage">
        <test-method status="PASS" signature="setup()[pri:0, instance:com.makaan.qa.testpages.LogoutTestPage@51081592]" name="setup" is-config="true" duration-ms="7348" started-at="2020-07-17T22:19:33Z" finished-at="2020-07-17T22:19:40Z">
          <reporter-output>
          </reporter-output>
        </test-method> <!-- setup -->
        <test-method status="PASS" signature="verifylogout()[pri:1, instance:com.makaan.qa.testpages.LogoutTestPage@51081592]" name="verifylogout" duration-ms="11249" started-at="2020-07-17T22:19:40Z" finished-at="2020-07-17T22:19:51Z">
          <reporter-output>
          </reporter-output>
        </test-method> <!-- verifylogout -->
        <test-method status="PASS" signature="teardown()[pri:0, instance:com.makaan.qa.testpages.LogoutTestPage@51081592]" name="teardown" is-config="true" duration-ms="839" started-at="2020-07-17T22:19:51Z" finished-at="2020-07-17T22:19:52Z">
          <reporter-output>
          </reporter-output>
        </test-method> <!-- teardown -->
      </class> <!-- com.makaan.qa.testpages.LogoutTestPage -->
      <class name="com.makaan.qa.testpages.LoginTestPage">
        <test-method status="PASS" signature="setup()[pri:0, instance:com.makaan.qa.testpages.LoginTestPage@396a51ab]" name="setup" is-config="true" duration-ms="7057" started-at="2020-07-17T22:19:25Z" finished-at="2020-07-17T22:19:32Z">
          <reporter-output>
          </reporter-output>
        </test-method> <!-- setup -->
        <test-method status="PASS" signature="verifytitle()[pri:1, instance:com.makaan.qa.testpages.LoginTestPage@396a51ab]" name="verifytitle" duration-ms="76" started-at="2020-07-17T22:19:32Z" finished-at="2020-07-17T22:19:32Z">
          <reporter-output>
          </reporter-output>
        </test-method> <!-- verifytitle -->
        <test-method status="PASS" signature="teardown()[pri:0, instance:com.makaan.qa.testpages.LoginTestPage@396a51ab]" name="teardown" is-config="true" duration-ms="805" started-at="2020-07-17T22:19:32Z" finished-at="2020-07-17T22:19:33Z">
          <reporter-output>
          </reporter-output>
        </test-method> <!-- teardown -->
        <test-method status="PASS" signature="setup()[pri:0, instance:com.makaan.qa.testpages.LoginTestPage@396a51ab]" name="setup" is-config="true" duration-ms="7100" started-at="2020-07-17T22:21:37Z" finished-at="2020-07-17T22:21:44Z">
          <reporter-output>
          </reporter-output>
        </test-method> <!-- setup -->
        <test-method status="PASS" signature="verifylogin()[pri:2, instance:com.makaan.qa.testpages.LoginTestPage@396a51ab]" name="verifylogin" duration-ms="5614" started-at="2020-07-17T22:21:44Z" finished-at="2020-07-17T22:21:49Z">
          <reporter-output>
          </reporter-output>
        </test-method> <!-- verifylogin -->
        <test-method status="PASS" signature="teardown()[pri:0, instance:com.makaan.qa.testpages.LoginTestPage@396a51ab]" name="teardown" is-config="true" duration-ms="1301" started-at="2020-07-17T22:21:49Z" finished-at="2020-07-17T22:21:51Z">
          <reporter-output>
          </reporter-output>
        </test-method> <!-- teardown -->
      </class> <!-- com.makaan.qa.testpages.LoginTestPage -->
      <class name="com.makaan.qa.testpages.HomeLoanTestPage">
        <test-method status="PASS" signature="setup()[pri:0, instance:com.makaan.qa.testpages.HomeLoanTestPage@51efea79]" name="setup" is-config="true" duration-ms="6961" started-at="2020-07-17T22:20:14Z" finished-at="2020-07-17T22:20:21Z">
          <reporter-output>
          </reporter-output>
        </test-method> <!-- setup -->
        <test-method status="PASS" signature="get_monthly_emi_calc(java.lang.String, java.lang.String, java.lang.String)[pri:2, instance:com.makaan.qa.testpages.HomeLoanTestPage@51efea79]" name="get_monthly_emi_calc" duration-ms="8667" started-at="2020-07-17T22:20:21Z" data-provider="testdata" finished-at="2020-07-17T22:20:30Z">
          <params>
            <param index="0">
              <value>
                <![CDATA[6000000.0]]>
              </value>
            </param>
            <param index="1">
              <value>
                <![CDATA[30.0]]>
              </value>
            </param>
            <param index="2">
              <value>
                <![CDATA[8.0]]>
              </value>
            </param>
          </params>
          <reporter-output>
          </reporter-output>
        </test-method> <!-- get_monthly_emi_calc -->
        <test-method status="PASS" signature="teardown()[pri:0, instance:com.makaan.qa.testpages.HomeLoanTestPage@51efea79]" name="teardown" is-config="true" duration-ms="838" started-at="2020-07-17T22:20:30Z" finished-at="2020-07-17T22:20:30Z">
          <reporter-output>
          </reporter-output>
        </test-method> <!-- teardown -->
        <test-method status="PASS" signature="setup()[pri:0, instance:com.makaan.qa.testpages.HomeLoanTestPage@51efea79]" name="setup" is-config="true" duration-ms="7570" started-at="2020-07-17T22:20:30Z" finished-at="2020-07-17T22:20:38Z">
          <reporter-output>
          </reporter-output>
        </test-method> <!-- setup -->
        <test-method status="PASS" signature="get_monthly_emi_calc(java.lang.String, java.lang.String, java.lang.String)[pri:2, instance:com.makaan.qa.testpages.HomeLoanTestPage@51efea79]" name="get_monthly_emi_calc" duration-ms="8148" started-at="2020-07-17T22:20:38Z" data-provider="testdata" finished-at="2020-07-17T22:20:46Z">
          <params>
            <param index="0">
              <value>
                <![CDATA[3000000.0]]>
              </value>
            </param>
            <param index="1">
              <value>
                <![CDATA[25.0]]>
              </value>
            </param>
            <param index="2">
              <value>
                <![CDATA[9.5]]>
              </value>
            </param>
          </params>
          <reporter-output>
          </reporter-output>
        </test-method> <!-- get_monthly_emi_calc -->
        <test-method status="PASS" signature="teardown()[pri:0, instance:com.makaan.qa.testpages.HomeLoanTestPage@51efea79]" name="teardown" is-config="true" duration-ms="828" started-at="2020-07-17T22:20:46Z" finished-at="2020-07-17T22:20:47Z">
          <reporter-output>
          </reporter-output>
        </test-method> <!-- teardown -->
        <test-method status="PASS" signature="setup()[pri:0, instance:com.makaan.qa.testpages.HomeLoanTestPage@51efea79]" name="setup" is-config="true" duration-ms="7162" started-at="2020-07-17T22:20:47Z" finished-at="2020-07-17T22:20:54Z">
          <reporter-output>
          </reporter-output>
        </test-method> <!-- setup -->
        <test-method status="PASS" signature="get_monthly_emi_calc(java.lang.String, java.lang.String, java.lang.String)[pri:2, instance:com.makaan.qa.testpages.HomeLoanTestPage@51efea79]" name="get_monthly_emi_calc" duration-ms="7600" started-at="2020-07-17T22:20:54Z" data-provider="testdata" finished-at="2020-07-17T22:21:02Z">
          <params>
            <param index="0">
              <value>
                <![CDATA[5000000.0]]>
              </value>
            </param>
            <param index="1">
              <value>
                <![CDATA[20.0]]>
              </value>
            </param>
            <param index="2">
              <value>
                <![CDATA[10.0]]>
              </value>
            </param>
          </params>
          <reporter-output>
          </reporter-output>
        </test-method> <!-- get_monthly_emi_calc -->
        <test-method status="PASS" signature="teardown()[pri:0, instance:com.makaan.qa.testpages.HomeLoanTestPage@51efea79]" name="teardown" is-config="true" duration-ms="807" started-at="2020-07-17T22:21:02Z" finished-at="2020-07-17T22:21:03Z">
          <reporter-output>
          </reporter-output>
        </test-method> <!-- teardown -->
      </class> <!-- com.makaan.qa.testpages.HomeLoanTestPage -->
    </test> <!-- Test -->
  </suite> <!-- Suite -->
</testng-results>
