<?xml version="1.0" encoding="UTF-8"?>
<testsuite xmlns:xsi="http://www.w3.org/2001/XMLSchema-instance" xsi:noNamespaceSchemaLocation="https://maven.apache.org/surefire/maven-surefire-plugin/xsd/surefire-test-report-3.0.xsd" version="3.0" name="TestSuite" time="225.968" tests="16" errors="0" skipped="0" failures="1">
  <properties>
[...]
</properties>
  <testcase name="verifylogo" classname="com.makaan.qa.testpages.HomePageTest" time="1.486">
    <system-out><![CDATA[Before navigating to: 'https://www.makaan.com/'
Navigated to:'https://www.makaan.com/'
[INFO ] 2020-07-17 22:19:22.558 [main] HomePage - This function is for logo verification
Trying to find Element By : By.xpath: //img[@itemprop='image']
Found Element By : By.xpath: //img[@itemprop='image']
]]></system-out>
    <system-err><![CDATA[Starting ChromeDriver 2.38.552522 (437e6fbedfa8762dec75e2c5b3ddb86763dc9dcb) on port 47751
Only local connections are allowed.
Jul 17, 2020 10:19:13 PM org.openqa.selenium.remote.ProtocolHandshake createSession
INFO: Detected dialect: OSS
]]></system-err>
  </testcase>
  <testcase name="verifylist" classname="com.makaan.qa.testpages.HomePageTest" time="1.417">
    <system-out><![CDATA[Before navigating to: 'https://www.makaan.com/'
Navigated to:'https://www.makaan.com/'
[INFO ] 2020-07-17 22:21:19.347 [main] HomePage - This function is to verify buy rent and agents options
Trying to find Element By : By.xpath: //span[text()='Buy']/../../li/span
Found Element By : By.xpath: //span[text()='Buy']/../../li/span
Trying to find Element By : By.xpath: //span[text()='Buy']/../../li/span
Found Element By : By.xpath: //span[text()='Buy']/../../li/span
Trying to click on: [[ChromeDriver: chrome on XP (9693560b25ec68fa630d2c86a09ec7a3)] -> xpath: //span[text()='Buy']/../../li/span]
Clicked on: [[ChromeDriver: chrome on XP (9693560b25ec68fa630d2c86a09ec7a3)] -> xpath: //span[text()='Buy']/../../li/span]
Trying to find Element By : By.xpath: //span[text()='Buy']/../../li/span
Found Element By : By.xpath: //span[text()='Buy']/../../li/span
Trying to click on: [[ChromeDriver: chrome on XP (9693560b25ec68fa630d2c86a09ec7a3)] -> xpath: //span[text()='Buy']/../../li/span]
Clicked on: [[ChromeDriver: chrome on XP (9693560b25ec68fa630d2c86a09ec7a3)] -> xpath: //span[text()='Buy']/../../li/span]
Trying to find Element By : By.xpath: //span[text()='Buy']/../../li/span
Found Element By : By.xpath: //span[text()='Buy']/../../li/span
Trying to click on: [[ChromeDriver: chrome on XP (9693560b25ec68fa630d2c86a09ec7a3)] -> xpath: //span[text()='Buy']/../../li/span]
Clicked on: [[ChromeDriver: chrome on XP (9693560b25ec68fa630d2c86a09ec7a3)] -> xpath: //span[text()='Buy']/../../li/span]
]]></system-out>
    <system-err><![CDATA[Starting ChromeDriver 2.38.552522 (437e6fbedfa8762dec75e2c5b3ddb86763dc9dcb) on port 31378
Only local connections are allowed.
Jul 17, 2020 10:21:16 PM org.openqa.selenium.remote.ProtocolHandshake createSession
INFO: Detected dialect: OSS
]]></system-err>
  </testcase>
  <testcase name="verify_buy_gettext" classname="com.makaan.qa.testpages.HomePageTest" time="20.501">
    <failure message="Expected condition failed: waiting for text (&apos;pick location, builder or project&apos;) to be present in element [[ChromeDriver: chrome on XP (50b788335a99724d24f0a422d802ee05)] -&gt; xpath: (//input[@class=&apos;js-input thinput&apos;])[2]] (tried for 20 second(s) with 500 milliseconds interval)&#10;Build info: version: &apos;3.141.59&apos;, revision: &apos;e82be7d358&apos;, time: &apos;2018-11-14T08:17:03&apos;&#10;System info: host: &apos;JFSF16135683&apos;, ip: &apos;172.20.17.34&apos;, os.name: &apos;Windows 10&apos;, os.arch: &apos;amd64&apos;, os.version: &apos;10.0&apos;, java.version: &apos;1.8.0_172&apos;&#10;Driver info: org.openqa.selenium.support.events.EventFiringWebDriver&#10;Capabilities {acceptInsecureCerts: false, acceptSslCerts: false, applicationCacheEnabled: false, browserConnectionEnabled: false, browserName: chrome, chrome: {chromedriverVersion: 2.38.552522 (437e6fbedfa876..., userDataDir: C:\Users\MOHITM~1.COG\AppDa...}, cssSelectorsEnabled: true, databaseEnabled: false, handlesAlerts: true, hasTouchScreen: false, javascriptEnabled: true, locationContextEnabled: true, mobileEmulationEnabled: false, nativeEvents: true, networkConnectionEnabled: false, pageLoadStrategy: normal, platform: XP, platformName: XP, rotatable: false, setWindowRect: true, takesHeapSnapshot: true, takesScreenshot: true, unexpectedAlertBehaviour: , unhandledPromptBehavior: , version: 84.0.4147.89, webStorageEnabled: true}&#10;Session ID: 50b788335a99724d24f0a422d802ee05" type="org.openqa.selenium.TimeoutException"><![CDATA[org.openqa.selenium.TimeoutException: 
Expected condition failed: waiting for text ('pick location, builder or project') to be present in element [[ChromeDriver: chrome on XP (50b788335a99724d24f0a422d802ee05)] -> xpath: (//input[@class='js-input thinput'])[2]] (tried for 20 second(s) with 500 milliseconds interval)
Build info: version: '3.141.59', revision: 'e82be7d358', time: '2018-11-14T08:17:03'
System info: host: 'JFSF16135683', ip: '172.20.17.34', os.name: 'Windows 10', os.arch: 'amd64', os.version: '10.0', java.version: '1.8.0_172'
Driver info: org.openqa.selenium.support.events.EventFiringWebDriver
Capabilities {acceptInsecureCerts: false, acceptSslCerts: false, applicationCacheEnabled: false, browserConnectionEnabled: false, browserName: chrome, chrome: {chromedriverVersion: 2.38.552522 (437e6fbedfa876..., userDataDir: C:\Users\MOHITM~1.COG\AppDa...}, cssSelectorsEnabled: true, databaseEnabled: false, handlesAlerts: true, hasTouchScreen: false, javascriptEnabled: true, locationContextEnabled: true, mobileEmulationEnabled: false, nativeEvents: true, networkConnectionEnabled: false, pageLoadStrategy: normal, platform: XP, platformName: XP, rotatable: false, setWindowRect: true, takesHeapSnapshot: true, takesScreenshot: true, unexpectedAlertBehaviour: , unhandledPromptBehavior: , version: 84.0.4147.89, webStorageEnabled: true}
Session ID: 50b788335a99724d24f0a422d802ee05
	at com.makaan.qa.testpages.HomePageTest.verify_buy_gettext(HomePageTest.java:40)
]]></failure>
    <system-out><![CDATA[Before navigating to: 'https://www.makaan.com/'
Navigated to:'https://www.makaan.com/'
[INFO ] 2020-07-17 22:21:57.706 [main] HomePage - This function is to verify buy option
Trying to find Element By : By.xpath: (//input[@class='js-input thinput'])[2]
Found Element By : By.xpath: (//input[@class='js-input thinput'])[2]
Trying to find Element By : By.xpath: (//input[@class='js-input thinput'])[2]
Found Element By : By.xpath: (//input[@class='js-input thinput'])[2]
Trying to find Element By : By.xpath: (//input[@class='js-input thinput'])[2]
Found Element By : By.xpath: (//input[@class='js-input thinput'])[2]
Trying to find Element By : By.xpath: (//input[@class='js-input thinput'])[2]
Found Element By : By.xpath: (//input[@class='js-input thinput'])[2]
Trying to find Element By : By.xpath: (//input[@class='js-input thinput'])[2]
Found Element By : By.xpath: (//input[@class='js-input thinput'])[2]
Trying to find Element By : By.xpath: (//input[@class='js-input thinput'])[2]
Found Element By : By.xpath: (//input[@class='js-input thinput'])[2]
Trying to find Element By : By.xpath: (//input[@class='js-input thinput'])[2]
Found Element By : By.xpath: (//input[@class='js-input thinput'])[2]
Trying to find Element By : By.xpath: (//input[@class='js-input thinput'])[2]
Found Element By : By.xpath: (//input[@class='js-input thinput'])[2]
Trying to find Element By : By.xpath: (//input[@class='js-input thinput'])[2]
Found Element By : By.xpath: (//input[@class='js-input thinput'])[2]
Trying to find Element By : By.xpath: (//input[@class='js-input thinput'])[2]
Found Element By : By.xpath: (//input[@class='js-input thinput'])[2]
Trying to find Element By : By.xpath: (//input[@class='js-input thinput'])[2]
Found Element By : By.xpath: (//input[@class='js-input thinput'])[2]
Trying to find Element By : By.xpath: (//input[@class='js-input thinput'])[2]
Found Element By : By.xpath: (//input[@class='js-input thinput'])[2]
Trying to find Element By : By.xpath: (//input[@class='js-input thinput'])[2]
Found Element By : By.xpath: (//input[@class='js-input thinput'])[2]
Trying to find Element By : By.xpath: (//input[@class='js-input thinput'])[2]
Found Element By : By.xpath: (//input[@class='js-input thinput'])[2]
Trying to find Element By : By.xpath: (//input[@class='js-input thinput'])[2]
Found Element By : By.xpath: (//input[@class='js-input thinput'])[2]
Trying to find Element By : By.xpath: (//input[@class='js-input thinput'])[2]
Found Element By : By.xpath: (//input[@class='js-input thinput'])[2]
Trying to find Element By : By.xpath: (//input[@class='js-input thinput'])[2]
Found Element By : By.xpath: (//input[@class='js-input thinput'])[2]
Trying to find Element By : By.xpath: (//input[@class='js-input thinput'])[2]
Found Element By : By.xpath: (//input[@class='js-input thinput'])[2]
Trying to find Element By : By.xpath: (//input[@class='js-input thinput'])[2]
Found Element By : By.xpath: (//input[@class='js-input thinput'])[2]
Trying to find Element By : By.xpath: (//input[@class='js-input thinput'])[2]
Found Element By : By.xpath: (//input[@class='js-input thinput'])[2]
Trying to find Element By : By.xpath: (//input[@class='js-input thinput'])[2]
Found Element By : By.xpath: (//input[@class='js-input thinput'])[2]
Trying to find Element By : By.xpath: (//input[@class='js-input thinput'])[2]
Found Element By : By.xpath: (//input[@class='js-input thinput'])[2]
Trying to find Element By : By.xpath: (//input[@class='js-input thinput'])[2]
Found Element By : By.xpath: (//input[@class='js-input thinput'])[2]
Trying to find Element By : By.xpath: (//input[@class='js-input thinput'])[2]
Found Element By : By.xpath: (//input[@class='js-input thinput'])[2]
Trying to find Element By : By.xpath: (//input[@class='js-input thinput'])[2]
Found Element By : By.xpath: (//input[@class='js-input thinput'])[2]
Trying to find Element By : By.xpath: (//input[@class='js-input thinput'])[2]
Found Element By : By.xpath: (//input[@class='js-input thinput'])[2]
Trying to find Element By : By.xpath: (//input[@class='js-input thinput'])[2]
Found Element By : By.xpath: (//input[@class='js-input thinput'])[2]
Trying to find Element By : By.xpath: (//input[@class='js-input thinput'])[2]
Found Element By : By.xpath: (//input[@class='js-input thinput'])[2]
Trying to find Element By : By.xpath: (//input[@class='js-input thinput'])[2]
Found Element By : By.xpath: (//input[@class='js-input thinput'])[2]
Trying to find Element By : By.xpath: (//input[@class='js-input thinput'])[2]
Found Element By : By.xpath: (//input[@class='js-input thinput'])[2]
Trying to find Element By : By.xpath: (//input[@class='js-input thinput'])[2]
Found Element By : By.xpath: (//input[@class='js-input thinput'])[2]
Trying to find Element By : By.xpath: (//input[@class='js-input thinput'])[2]
Found Element By : By.xpath: (//input[@class='js-input thinput'])[2]
Trying to find Element By : By.xpath: (//input[@class='js-input thinput'])[2]
Found Element By : By.xpath: (//input[@class='js-input thinput'])[2]
Trying to find Element By : By.xpath: (//input[@class='js-input thinput'])[2]
Found Element By : By.xpath: (//input[@class='js-input thinput'])[2]
Trying to find Element By : By.xpath: (//input[@class='js-input thinput'])[2]
Found Element By : By.xpath: (//input[@class='js-input thinput'])[2]
Trying to find Element By : By.xpath: (//input[@class='js-input thinput'])[2]
Found Element By : By.xpath: (//input[@class='js-input thinput'])[2]
Trying to find Element By : By.xpath: (//input[@class='js-input thinput'])[2]
Found Element By : By.xpath: (//input[@class='js-input thinput'])[2]
]]></system-out>
    <system-err><![CDATA[Starting ChromeDriver 2.38.552522 (437e6fbedfa8762dec75e2c5b3ddb86763dc9dcb) on port 26789
Only local connections are allowed.
Jul 17, 2020 10:21:54 PM org.openqa.selenium.remote.ProtocolHandshake createSession
INFO: Detected dialect: OSS
]]></system-err>
  </testcase>
  <testcase name="verify_rent_gettext" classname="com.makaan.qa.testpages.HomePageTest" time="1.293">
    <system-out><![CDATA[Before navigating to: 'https://www.makaan.com/'
Navigated to:'https://www.makaan.com/'
[INFO ] 2020-07-17 22:22:39.909 [main] HomePage - This function is to verify rent option
Trying to find Element By : By.xpath: //span[text()='Rent']
Found Element By : By.xpath: //span[text()='Rent']
Trying to click on: [[ChromeDriver: chrome on XP (a9ca55d7c62a8ee5c0a09a07e0823137)] -> xpath: //span[text()='Rent']]
Clicked on: [[ChromeDriver: chrome on XP (a9ca55d7c62a8ee5c0a09a07e0823137)] -> xpath: //span[text()='Rent']]
Trying to find Element By : By.xpath: (//input[@class='js-input thinput'])[2]
Found Element By : By.xpath: (//input[@class='js-input thinput'])[2]
pick location or project
]]></system-out>
    <system-err><![CDATA[Starting ChromeDriver 2.38.552522 (437e6fbedfa8762dec75e2c5b3ddb86763dc9dcb) on port 33788
Only local connections are allowed.
Jul 17, 2020 10:22:36 PM org.openqa.selenium.remote.ProtocolHandshake createSession
INFO: Detected dialect: OSS
]]></system-err>
  </testcase>
  <testcase name="verify_agents_gettext" classname="com.makaan.qa.testpages.HomePageTest" time="0.928">
    <system-out><![CDATA[Before navigating to: 'https://www.makaan.com/'
Navigated to:'https://www.makaan.com/'
[INFO ] 2020-07-17 22:22:48.498 [main] HomePage - This function is to verify agents option
Trying to find Element By : By.xpath: //span[text()='Agents']
Found Element By : By.xpath: //span[text()='Agents']
Trying to click on: [[ChromeDriver: chrome on XP (2eecf6ee43ba30c9faec9a405c6f1666)] -> xpath: //span[text()='Agents']]
Clicked on: [[ChromeDriver: chrome on XP (2eecf6ee43ba30c9faec9a405c6f1666)] -> xpath: //span[text()='Agents']]
Trying to find Element By : By.xpath: (//input[@class='js-input thinput'])[2]
Found Element By : By.xpath: (//input[@class='js-input thinput'])[2]
search by location, project or landmark
]]></system-out>
    <system-err><![CDATA[Starting ChromeDriver 2.38.552522 (437e6fbedfa8762dec75e2c5b3ddb86763dc9dcb) on port 42763
Only local connections are allowed.
Jul 17, 2020 10:22:45 PM org.openqa.selenium.remote.ProtocolHandshake createSession
INFO: Detected dialect: OSS
]]></system-err>
  </testcase>
  <testcase name="verifytitle" classname="com.makaan.qa.testpages.LoginTestPage" time="0.069">
    <system-out><![CDATA[Before navigating to: 'https://www.makaan.com/'
Navigated to:'https://www.makaan.com/'
[INFO ] 2020-07-17 22:19:32.196 [main] LoginPage - This is Login Page Title
]]></system-out>
    <system-err><![CDATA[Starting ChromeDriver 2.38.552522 (437e6fbedfa8762dec75e2c5b3ddb86763dc9dcb) on port 4062
Only local connections are allowed.
Jul 17, 2020 10:19:28 PM org.openqa.selenium.remote.ProtocolHandshake createSession
INFO: Detected dialect: OSS
]]></system-err>
  </testcase>
  <testcase name="verifylogin" classname="com.makaan.qa.testpages.LoginTestPage" time="5.614">
    <system-out><![CDATA[Before navigating to: 'https://www.makaan.com/'
Navigated to:'https://www.makaan.com/'
[INFO ] 2020-07-17 22:21:44.146 [main] LoginPage - Click on login button
Trying to find Element By : By.xpath: //div[text()='Log In']
Found Element By : By.xpath: //div[text()='Log In']
Trying to find Element By : By.xpath: //div[text()='Log In']
Found Element By : By.xpath: //div[text()='Log In']
Trying to find Element By : By.xpath: //div[text()='Log In']
Found Element By : By.xpath: //div[text()='Log In']
Trying to find Element By : By.xpath: //div[text()='Log In']
Found Element By : By.xpath: //div[text()='Log In']
Trying to find Element By : By.xpath: //div[text()='Log In']
Found Element By : By.xpath: //div[text()='Log In']
Trying to click on: [[ChromeDriver: chrome on XP (cbeff438f501e6ca548e51bd30e6b598)] -> xpath: //div[text()='Log In']]
Clicked on: [[ChromeDriver: chrome on XP (cbeff438f501e6ca548e51bd30e6b598)] -> xpath: //div[text()='Log In']]
[INFO ] 2020-07-17 22:21:45.905 [main] LoginPage - Click on email button
Trying to find Element By : By.xpath: //div[text()='Login with email']
Found Element By : By.xpath: //div[text()='Login with email']
Trying to find Element By : By.xpath: //div[text()='Login with email']
Found Element By : By.xpath: //div[text()='Login with email']
Trying to find Element By : By.xpath: //div[text()='Login with email']
Found Element By : By.xpath: //div[text()='Login with email']
Trying to click on: [[ChromeDriver: chrome on XP (cbeff438f501e6ca548e51bd30e6b598)] -> xpath: //div[text()='Login with email']]
Clicked on: [[ChromeDriver: chrome on XP (cbeff438f501e6ca548e51bd30e6b598)] -> xpath: //div[text()='Login with email']]
[INFO ] 2020-07-17 22:21:47.143 [main] LoginPage - Enter test data in email and password fields
Trying to find Element By : By.id: username
Found Element By : By.id: username
Trying to find Element By : By.id: username
Found Element By : By.id: username
Trying to find Element By : By.id: password
Found Element By : By.id: password
Trying to find Element By : By.id: password
Found Element By : By.id: password
Trying to find Element By : By.xpath: //div[text()='Login']
Found Element By : By.xpath: //div[text()='Login']
Trying to find Element By : By.xpath: //div[text()='Login']
Found Element By : By.xpath: //div[text()='Login']
Trying to find Element By : By.xpath: //div[text()='Login']
Found Element By : By.xpath: //div[text()='Login']
Trying to click on: [[ChromeDriver: chrome on XP (cbeff438f501e6ca548e51bd30e6b598)] -> xpath: //div[text()='Login']]
Clicked on: [[ChromeDriver: chrome on XP (cbeff438f501e6ca548e51bd30e6b598)] -> xpath: //div[text()='Login']]
]]></system-out>
    <system-err><![CDATA[Starting ChromeDriver 2.38.552522 (437e6fbedfa8762dec75e2c5b3ddb86763dc9dcb) on port 5562
Only local connections are allowed.
Jul 17, 2020 10:21:40 PM org.openqa.selenium.remote.ProtocolHandshake createSession
INFO: Detected dialect: OSS
]]></system-err>
  </testcase>
  <testcase name="verifylogout" classname="com.makaan.qa.testpages.LogoutTestPage" time="11.246">
    <system-out><![CDATA[Before navigating to: 'https://www.makaan.com/'
Navigated to:'https://www.makaan.com/'
[INFO ] 2020-07-17 22:19:40.350 [main] LoginPage - Click on login button
Trying to find Element By : By.xpath: //div[text()='Log In']
Found Element By : By.xpath: //div[text()='Log In']
Trying to find Element By : By.xpath: //div[text()='Log In']
Found Element By : By.xpath: //div[text()='Log In']
Trying to find Element By : By.xpath: //div[text()='Log In']
Found Element By : By.xpath: //div[text()='Log In']
Trying to find Element By : By.xpath: //div[text()='Log In']
Found Element By : By.xpath: //div[text()='Log In']
Trying to click on: [[ChromeDriver: chrome on XP (4e518d52b082689064166898695485f2)] -> xpath: //div[text()='Log In']]
Clicked on: [[ChromeDriver: chrome on XP (4e518d52b082689064166898695485f2)] -> xpath: //div[text()='Log In']]
[INFO ] 2020-07-17 22:19:41.902 [main] LoginPage - Click on email button
Trying to find Element By : By.xpath: //div[text()='Login with email']
Found Element By : By.xpath: //div[text()='Login with email']
Trying to find Element By : By.xpath: //div[text()='Login with email']
Found Element By : By.xpath: //div[text()='Login with email']
Trying to find Element By : By.xpath: //div[text()='Login with email']
Found Element By : By.xpath: //div[text()='Login with email']
Trying to click on: [[ChromeDriver: chrome on XP (4e518d52b082689064166898695485f2)] -> xpath: //div[text()='Login with email']]
Clicked on: [[ChromeDriver: chrome on XP (4e518d52b082689064166898695485f2)] -> xpath: //div[text()='Login with email']]
[INFO ] 2020-07-17 22:19:42.882 [main] LoginPage - Enter test data in email and password fields
Trying to find Element By : By.id: username
Found Element By : By.id: username
Trying to find Element By : By.id: username
Found Element By : By.id: username
Trying to find Element By : By.id: password
Found Element By : By.id: password
Trying to find Element By : By.id: password
Found Element By : By.id: password
Trying to find Element By : By.xpath: //div[text()='Login']
Found Element By : By.xpath: //div[text()='Login']
Trying to find Element By : By.xpath: //div[text()='Login']
Found Element By : By.xpath: //div[text()='Login']
Trying to find Element By : By.xpath: //div[text()='Login']
Found Element By : By.xpath: //div[text()='Login']
Trying to click on: [[ChromeDriver: chrome on XP (4e518d52b082689064166898695485f2)] -> xpath: //div[text()='Login']]
Clicked on: [[ChromeDriver: chrome on XP (4e518d52b082689064166898695485f2)] -> xpath: //div[text()='Login']]
Trying to find Element By : By.xpath: //ul[@class='hamburger-icon']
Found Element By : By.xpath: //ul[@class='hamburger-icon']
Trying to find Element By : By.xpath: //ul[@class='hamburger-icon']
Found Element By : By.xpath: //ul[@class='hamburger-icon']
Trying to find Element By : By.xpath: //ul[@class='hamburger-icon']
Found Element By : By.xpath: //ul[@class='hamburger-icon']
Trying to find Element By : By.xpath: //li[@id='loginchecker']
Found Element By : By.xpath: //li[@id='loginchecker']
Trying to find Element By : By.xpath: //li[@id='loginchecker']
Found Element By : By.xpath: //li[@id='loginchecker']
Trying to find Element By : By.xpath: //li[@id='loginchecker']
Found Element By : By.xpath: //li[@id='loginchecker']
Trying to find Element By : By.xpath: //li[@id='loginchecker']
Found Element By : By.xpath: //li[@id='loginchecker']
Trying to click on: [[ChromeDriver: chrome on XP (4e518d52b082689064166898695485f2)] -> xpath: //li[@id='loginchecker']]
Clicked on: [[ChromeDriver: chrome on XP (4e518d52b082689064166898695485f2)] -> xpath: //li[@id='loginchecker']]
]]></system-out>
    <system-err><![CDATA[Starting ChromeDriver 2.38.552522 (437e6fbedfa8762dec75e2c5b3ddb86763dc9dcb) on port 2981
Only local connections are allowed.
Jul 17, 2020 10:19:36 PM org.openqa.selenium.remote.ProtocolHandshake createSession
INFO: Detected dialect: OSS
]]></system-err>
  </testcase>
  <testcase name="verifymobilenumber" classname="com.makaan.qa.testpages.GetAppLinkTestPage" time="1.427">
    <system-out><![CDATA[Before navigating to: 'https://www.makaan.com/'
Navigated to:'https://www.makaan.com/'
[INFO ] 2020-07-17 22:19:59.728 [main] GetAppLinkPage - enter mobile number
Trying to find Element By : By.xpath: //input[@name='get the app on phone']
Found Element By : By.xpath: //input[@name='get the app on phone']
Trying to find Element By : By.xpath: //input[@class='sendbtn']
Found Element By : By.xpath: //input[@class='sendbtn']
Trying to click on: [[ChromeDriver: chrome on XP (d5e090213595a160d4f39cabe64d7756)] -> xpath: //input[@class='sendbtn']]
Clicked on: [[ChromeDriver: chrome on XP (d5e090213595a160d4f39cabe64d7756)] -> xpath: //input[@class='sendbtn']]
]]></system-out>
    <system-err><![CDATA[Starting ChromeDriver 2.38.552522 (437e6fbedfa8762dec75e2c5b3ddb86763dc9dcb) on port 25806
Only local connections are allowed.
Jul 17, 2020 10:19:55 PM org.openqa.selenium.remote.ProtocolHandshake createSession
INFO: Detected dialect: OSS
]]></system-err>
  </testcase>
  <testcase name="verify_play_store_link" classname="com.makaan.qa.testpages.GetAppLinkTestPage" time="0.813">
    <system-out><![CDATA[Before navigating to: 'https://www.makaan.com/'
Navigated to:'https://www.makaan.com/'
[INFO ] 2020-07-17 22:21:10.841 [main] GetAppLinkPage - Click on play store link
Trying to find Element By : By.xpath: //div[@class='link-wrap']/a[1]
Found Element By : By.xpath: //div[@class='link-wrap']/a[1]
Trying to click on: [[ChromeDriver: chrome on XP (036edd91e98b4b6067b35cc4caf3ef3d)] -> xpath: //div[@class='link-wrap']/a[1]]
Clicked on: [[ChromeDriver: chrome on XP (036edd91e98b4b6067b35cc4caf3ef3d)] -> xpath: //div[@class='link-wrap']/a[1]]
Property in India | Indian Real Estate | Property Website
]]></system-out>
    <system-err><![CDATA[Starting ChromeDriver 2.38.552522 (437e6fbedfa8762dec75e2c5b3ddb86763dc9dcb) on port 11249
Only local connections are allowed.
Jul 17, 2020 10:21:06 PM org.openqa.selenium.remote.ProtocolHandshake createSession
INFO: Detected dialect: OSS
]]></system-err>
  </testcase>
  <testcase name="verify_app_store_link" classname="com.makaan.qa.testpages.GetAppLinkTestPage" time="5.421">
    <system-out><![CDATA[Before navigating to: 'https://www.makaan.com/'
Navigated to:'https://www.makaan.com/'
[INFO ] 2020-07-17 22:22:26.092 [main] GetAppLinkPage - Click on app store link
Trying to find Element By : By.xpath: //div[@class='link-wrap']/a[2]
Found Element By : By.xpath: //div[@class='link-wrap']/a[2]
Trying to click on: [[ChromeDriver: chrome on XP (1424619ea9296a7f2158bcb1911469fc)] -> xpath: //div[@class='link-wrap']/a[2]]
Clicked on: [[ChromeDriver: chrome on XP (1424619ea9296a7f2158bcb1911469fc)] -> xpath: //div[@class='link-wrap']/a[2]]
]]></system-out>
    <system-err><![CDATA[Starting ChromeDriver 2.38.552522 (437e6fbedfa8762dec75e2c5b3ddb86763dc9dcb) on port 33395
Only local connections are allowed.
Jul 17, 2020 10:22:22 PM org.openqa.selenium.remote.ProtocolHandshake createSession
INFO: Detected dialect: OSS
]]></system-err>
  </testcase>
  <testcase name="verifyforgotpasswrod" classname="com.makaan.qa.testpages.ForgotTestPage" time="3.214">
    <system-out><![CDATA[Before navigating to: 'https://www.makaan.com/'
Navigated to:'https://www.makaan.com/'
[INFO ] 2020-07-17 22:20:09.627 [main] LoginPage - Click on login button
Trying to find Element By : By.xpath: //div[text()='Log In']
Found Element By : By.xpath: //div[text()='Log In']
Trying to find Element By : By.xpath: //div[text()='Log In']
Found Element By : By.xpath: //div[text()='Log In']
Trying to find Element By : By.xpath: //div[text()='Log In']
Found Element By : By.xpath: //div[text()='Log In']
Trying to click on: [[ChromeDriver: chrome on XP (295fde05b918175a2fd625633fb7f700)] -> xpath: //div[text()='Log In']]
Clicked on: [[ChromeDriver: chrome on XP (295fde05b918175a2fd625633fb7f700)] -> xpath: //div[text()='Log In']]
[INFO ] 2020-07-17 22:20:11.078 [main] LoginPage - Click on email button
Trying to find Element By : By.xpath: //div[text()='Login with email']
Found Element By : By.xpath: //div[text()='Login with email']
Trying to find Element By : By.xpath: //div[text()='Login with email']
Found Element By : By.xpath: //div[text()='Login with email']
Trying to find Element By : By.xpath: //div[text()='Login with email']
Found Element By : By.xpath: //div[text()='Login with email']
Trying to click on: [[ChromeDriver: chrome on XP (295fde05b918175a2fd625633fb7f700)] -> xpath: //div[text()='Login with email']]
Clicked on: [[ChromeDriver: chrome on XP (295fde05b918175a2fd625633fb7f700)] -> xpath: //div[text()='Login with email']]
[INFO ] 2020-07-17 22:20:11.925 [main] ForgetPage - This function is to click on forgot password button
Trying to find Element By : By.xpath: //a[text()='Forgot password?']
Found Element By : By.xpath: //a[text()='Forgot password?']
Trying to find Element By : By.xpath: //a[text()='Forgot password?']
Found Element By : By.xpath: //a[text()='Forgot password?']
Trying to find Element By : By.xpath: //a[text()='Forgot password?']
Found Element By : By.xpath: //a[text()='Forgot password?']
Trying to find Element By : By.xpath: //a[text()='Forgot password?']
Found Element By : By.xpath: //a[text()='Forgot password?']
Trying to click on: [[ChromeDriver: chrome on XP (295fde05b918175a2fd625633fb7f700)] -> xpath: //a[text()='Forgot password?']]
Clicked on: [[ChromeDriver: chrome on XP (295fde05b918175a2fd625633fb7f700)] -> xpath: //a[text()='Forgot password?']]
]]></system-out>
    <system-err><![CDATA[Starting ChromeDriver 2.38.552522 (437e6fbedfa8762dec75e2c5b3ddb86763dc9dcb) on port 41759
Only local connections are allowed.
Jul 17, 2020 10:20:05 PM org.openqa.selenium.remote.ProtocolHandshake createSession
INFO: Detected dialect: OSS
]]></system-err>
  </testcase>
  <testcase name="verify_send_otp" classname="com.makaan.qa.testpages.ForgotTestPage" time="7.538">
    <system-out><![CDATA[Before navigating to: 'https://www.makaan.com/'
Navigated to:'https://www.makaan.com/'
[INFO ] 2020-07-17 22:21:28.705 [main] LoginPage - Click on login button
Trying to find Element By : By.xpath: //div[text()='Log In']
Found Element By : By.xpath: //div[text()='Log In']
Trying to find Element By : By.xpath: //div[text()='Log In']
Found Element By : By.xpath: //div[text()='Log In']
Trying to find Element By : By.xpath: //div[text()='Log In']
Found Element By : By.xpath: //div[text()='Log In']
Trying to find Element By : By.xpath: //div[text()='Log In']
Found Element By : By.xpath: //div[text()='Log In']
Trying to find Element By : By.xpath: //div[text()='Log In']
Found Element By : By.xpath: //div[text()='Log In']
Trying to click on: [[ChromeDriver: chrome on XP (f541869bee3a7de1e2e89dbc43dac7a6)] -> xpath: //div[text()='Log In']]
Clicked on: [[ChromeDriver: chrome on XP (f541869bee3a7de1e2e89dbc43dac7a6)] -> xpath: //div[text()='Log In']]
[INFO ] 2020-07-17 22:21:30.273 [main] LoginPage - Click on email button
Trying to find Element By : By.xpath: //div[text()='Login with email']
Found Element By : By.xpath: //div[text()='Login with email']
Trying to find Element By : By.xpath: //div[text()='Login with email']
Found Element By : By.xpath: //div[text()='Login with email']
Trying to find Element By : By.xpath: //div[text()='Login with email']
Found Element By : By.xpath: //div[text()='Login with email']
Trying to click on: [[ChromeDriver: chrome on XP (f541869bee3a7de1e2e89dbc43dac7a6)] -> xpath: //div[text()='Login with email']]
Clicked on: [[ChromeDriver: chrome on XP (f541869bee3a7de1e2e89dbc43dac7a6)] -> xpath: //div[text()='Login with email']]
[INFO ] 2020-07-17 22:21:31.100 [main] ForgetPage - This function is to click on forgot password button
Trying to find Element By : By.xpath: //a[text()='Forgot password?']
Found Element By : By.xpath: //a[text()='Forgot password?']
Trying to find Element By : By.xpath: //a[text()='Forgot password?']
Found Element By : By.xpath: //a[text()='Forgot password?']
Trying to find Element By : By.xpath: //a[text()='Forgot password?']
Found Element By : By.xpath: //a[text()='Forgot password?']
Trying to find Element By : By.xpath: //a[text()='Forgot password?']
Found Element By : By.xpath: //a[text()='Forgot password?']
Trying to click on: [[ChromeDriver: chrome on XP (f541869bee3a7de1e2e89dbc43dac7a6)] -> xpath: //a[text()='Forgot password?']]
Clicked on: [[ChromeDriver: chrome on XP (f541869bee3a7de1e2e89dbc43dac7a6)] -> xpath: //a[text()='Forgot password?']]
[INFO ] 2020-07-17 22:21:32.052 [main] ForgetPage - This function is to verify forgot password funcionality
Trying to find Element By : By.xpath: //input[@class='js-email']
Found Element By : By.xpath: //input[@class='js-email']
Trying to find Element By : By.xpath: //div[text()='Send OTP']
Found Element By : By.xpath: //div[text()='Send OTP']
Trying to click on: [[ChromeDriver: chrome on XP (f541869bee3a7de1e2e89dbc43dac7a6)] -> xpath: //div[text()='Send OTP']]
Clicked on: [[ChromeDriver: chrome on XP (f541869bee3a7de1e2e89dbc43dac7a6)] -> xpath: //div[text()='Send OTP']]
Trying to find Element By : By.xpath: //span[@id='update-password-email']/../span[4]
Found Element By : By.xpath: //span[@id='update-password-email']/../span[4]
Trying to find Element By : By.xpath: //span[@id='update-password-email']/../span[4]
Found Element By : By.xpath: //span[@id='update-password-email']/../span[4]
Trying to find Element By : By.xpath: //span[@id='update-password-email']/../span[4]
Found Element By : By.xpath: //span[@id='update-password-email']/../span[4]
Trying to find Element By : By.xpath: //span[@id='update-password-email']/../span[4]
Found Element By : By.xpath: //span[@id='update-password-email']/../span[4]
Trying to find Element By : By.xpath: //span[@id='update-password-email']/../span[4]
Found Element By : By.xpath: //span[@id='update-password-email']/../span[4]
Trying to find Element By : By.xpath: //span[@id='update-password-email']/../span[4]
Found Element By : By.xpath: //span[@id='update-password-email']/../span[4]
An OTP has been sent to your registered email and mobile
]]></system-out>
    <system-err><![CDATA[Starting ChromeDriver 2.38.552522 (437e6fbedfa8762dec75e2c5b3ddb86763dc9dcb) on port 13874
Only local connections are allowed.
Jul 17, 2020 10:21:25 PM org.openqa.selenium.remote.ProtocolHandshake createSession
INFO: Detected dialect: OSS
]]></system-err>
  </testcase>
  <testcase name="get_monthly_emi_calc[6000000.0, 30.0, 8.0](1)" classname="com.makaan.qa.testpages.HomeLoanTestPage" time="8.677">
    <system-out><![CDATA[Before navigating to: 'https://www.makaan.com/'
Navigated to:'https://www.makaan.com/'
[INFO ] 2020-07-17 22:20:21.378 [main] LoginPage - Click on login button
Trying to find Element By : By.xpath: //div[text()='Log In']
Found Element By : By.xpath: //div[text()='Log In']
Trying to find Element By : By.xpath: //div[text()='Log In']
Found Element By : By.xpath: //div[text()='Log In']
Trying to find Element By : By.xpath: //div[text()='Log In']
Found Element By : By.xpath: //div[text()='Log In']
Trying to find Element By : By.xpath: //div[text()='Log In']
Found Element By : By.xpath: //div[text()='Log In']
Trying to click on: [[ChromeDriver: chrome on XP (873f5d1f06aca13718e21bb980d49509)] -> xpath: //div[text()='Log In']]
Clicked on: [[ChromeDriver: chrome on XP (873f5d1f06aca13718e21bb980d49509)] -> xpath: //div[text()='Log In']]
[INFO ] 2020-07-17 22:20:23.018 [main] LoginPage - Click on email button
Trying to find Element By : By.xpath: //div[text()='Login with email']
Found Element By : By.xpath: //div[text()='Login with email']
Trying to find Element By : By.xpath: //div[text()='Login with email']
Found Element By : By.xpath: //div[text()='Login with email']
Trying to find Element By : By.xpath: //div[text()='Login with email']
Found Element By : By.xpath: //div[text()='Login with email']
Trying to click on: [[ChromeDriver: chrome on XP (873f5d1f06aca13718e21bb980d49509)] -> xpath: //div[text()='Login with email']]
Clicked on: [[ChromeDriver: chrome on XP (873f5d1f06aca13718e21bb980d49509)] -> xpath: //div[text()='Login with email']]
[INFO ] 2020-07-17 22:20:24.020 [main] LoginPage - Enter test data in email and password fields
Trying to find Element By : By.id: username
Found Element By : By.id: username
Trying to find Element By : By.id: username
Found Element By : By.id: username
Trying to find Element By : By.id: password
Found Element By : By.id: password
Trying to find Element By : By.id: password
Found Element By : By.id: password
Trying to find Element By : By.xpath: //div[text()='Login']
Found Element By : By.xpath: //div[text()='Login']
Trying to find Element By : By.xpath: //div[text()='Login']
Found Element By : By.xpath: //div[text()='Login']
Trying to find Element By : By.xpath: //div[text()='Login']
Found Element By : By.xpath: //div[text()='Login']
Trying to click on: [[ChromeDriver: chrome on XP (873f5d1f06aca13718e21bb980d49509)] -> xpath: //div[text()='Login']]
Clicked on: [[ChromeDriver: chrome on XP (873f5d1f06aca13718e21bb980d49509)] -> xpath: //div[text()='Login']]
[INFO ] 2020-07-17 22:20:25.345 [main] HomeLoanPage - Makaan Home Loan
Trying to find Element By : By.xpath: (//li[@class='home-loan ']//a/span)[2]
Found Element By : By.xpath: (//li[@class='home-loan ']//a/span)[2]
Trying to find Element By : By.xpath: (//li[@class='home-loan ']//a/span)[2]
Found Element By : By.xpath: (//li[@class='home-loan ']//a/span)[2]
Trying to find Element By : By.xpath: (//li[@class='home-loan ']//a/span)[2]
Found Element By : By.xpath: (//li[@class='home-loan ']//a/span)[2]
Trying to find Element By : By.xpath: //span[@data-type='calculate_homeloan']/i/img
Found Element By : By.xpath: //span[@data-type='calculate_homeloan']/i/img
Trying to find Element By : By.xpath: //span[@data-type='calculate_homeloan']/i/img
Found Element By : By.xpath: //span[@data-type='calculate_homeloan']/i/img
Trying to find Element By : By.xpath: //span[@data-type='calculate_homeloan']/i/img
Found Element By : By.xpath: //span[@data-type='calculate_homeloan']/i/img
Trying to find Element By : By.id: emi_income
Found Element By : By.id: emi_income
Trying to find Element By : By.id: emi_income
Found Element By : By.id: emi_income
6000000.0
Trying to find Element By : By.id: emi_tenure
Found Element By : By.id: emi_tenure
Trying to find Element By : By.id: emi_tenure
Found Element By : By.id: emi_tenure
Trying to find Element By : By.id: emi_tenure
Found Element By : By.id: emi_tenure
30.0
Trying to find Element By : By.id: emi_interest
Found Element By : By.id: emi_interest
Trying to find Element By : By.id: emi_interest
Found Element By : By.id: emi_interest
Trying to find Element By : By.id: emi_interest
Found Element By : By.id: emi_interest
8.0
Trying to find Element By : By.xpath: //span[@class='js-emi val']
Found Element By : By.xpath: //span[@class='js-emi val']
4.61
Trying to find Element By : By.xpath: //span[@class='js-emi val']
Found Element By : By.xpath: //span[@class='js-emi val']
4.61
Trying to find Element By : By.xpath: //span[@class='js-emi val']
Found Element By : By.xpath: //span[@class='js-emi val']
4.61
]]></system-out>
    <system-err><![CDATA[Starting ChromeDriver 2.38.552522 (437e6fbedfa8762dec75e2c5b3ddb86763dc9dcb) on port 44737
Only local connections are allowed.
Jul 17, 2020 10:20:17 PM org.openqa.selenium.remote.ProtocolHandshake createSession
INFO: Detected dialect: OSS
]]></system-err>
  </testcase>
  <testcase name="get_monthly_emi_calc[3000000.0, 25.0, 9.5](2)" classname="com.makaan.qa.testpages.HomeLoanTestPage" time="8.149">
    <system-out><![CDATA[Before navigating to: 'https://www.makaan.com/'
Navigated to:'https://www.makaan.com/'
[INFO ] 2020-07-17 22:20:38.455 [main] LoginPage - Click on login button
Trying to find Element By : By.xpath: //div[text()='Log In']
Found Element By : By.xpath: //div[text()='Log In']
Trying to find Element By : By.xpath: //div[text()='Log In']
Found Element By : By.xpath: //div[text()='Log In']
Trying to find Element By : By.xpath: //div[text()='Log In']
Found Element By : By.xpath: //div[text()='Log In']
Trying to find Element By : By.xpath: //div[text()='Log In']
Found Element By : By.xpath: //div[text()='Log In']
Trying to click on: [[ChromeDriver: chrome on XP (a7fb2b76dbc13084e4ab71786f94625c)] -> xpath: //div[text()='Log In']]
Clicked on: [[ChromeDriver: chrome on XP (a7fb2b76dbc13084e4ab71786f94625c)] -> xpath: //div[text()='Log In']]
[INFO ] 2020-07-17 22:20:39.708 [main] LoginPage - Click on email button
Trying to find Element By : By.xpath: //div[text()='Login with email']
Found Element By : By.xpath: //div[text()='Login with email']
Trying to find Element By : By.xpath: //div[text()='Login with email']
Found Element By : By.xpath: //div[text()='Login with email']
Trying to find Element By : By.xpath: //div[text()='Login with email']
Found Element By : By.xpath: //div[text()='Login with email']
Trying to click on: [[ChromeDriver: chrome on XP (a7fb2b76dbc13084e4ab71786f94625c)] -> xpath: //div[text()='Login with email']]
Clicked on: [[ChromeDriver: chrome on XP (a7fb2b76dbc13084e4ab71786f94625c)] -> xpath: //div[text()='Login with email']]
[INFO ] 2020-07-17 22:20:40.826 [main] LoginPage - Enter test data in email and password fields
Trying to find Element By : By.id: username
Found Element By : By.id: username
Trying to find Element By : By.id: username
Found Element By : By.id: username
Trying to find Element By : By.id: password
Found Element By : By.id: password
Trying to find Element By : By.id: password
Found Element By : By.id: password
Trying to find Element By : By.xpath: //div[text()='Login']
Found Element By : By.xpath: //div[text()='Login']
Trying to find Element By : By.xpath: //div[text()='Login']
Found Element By : By.xpath: //div[text()='Login']
Trying to find Element By : By.xpath: //div[text()='Login']
Found Element By : By.xpath: //div[text()='Login']
Trying to click on: [[ChromeDriver: chrome on XP (a7fb2b76dbc13084e4ab71786f94625c)] -> xpath: //div[text()='Login']]
Clicked on: [[ChromeDriver: chrome on XP (a7fb2b76dbc13084e4ab71786f94625c)] -> xpath: //div[text()='Login']]
[INFO ] 2020-07-17 22:20:42.335 [main] HomeLoanPage - Makaan Home Loan
Trying to find Element By : By.xpath: (//li[@class='home-loan ']//a/span)[2]
Found Element By : By.xpath: (//li[@class='home-loan ']//a/span)[2]
Trying to find Element By : By.xpath: (//li[@class='home-loan ']//a/span)[2]
Found Element By : By.xpath: (//li[@class='home-loan ']//a/span)[2]
Trying to find Element By : By.xpath: (//li[@class='home-loan ']//a/span)[2]
Found Element By : By.xpath: (//li[@class='home-loan ']//a/span)[2]
Trying to find Element By : By.xpath: //span[@data-type='calculate_homeloan']/i/img
Found Element By : By.xpath: //span[@data-type='calculate_homeloan']/i/img
Trying to find Element By : By.xpath: //span[@data-type='calculate_homeloan']/i/img
Found Element By : By.xpath: //span[@data-type='calculate_homeloan']/i/img
Trying to find Element By : By.xpath: //span[@data-type='calculate_homeloan']/i/img
Found Element By : By.xpath: //span[@data-type='calculate_homeloan']/i/img
Trying to find Element By : By.id: emi_income
Found Element By : By.id: emi_income
Trying to find Element By : By.id: emi_income
Found Element By : By.id: emi_income
3000000.0
Trying to find Element By : By.id: emi_tenure
Found Element By : By.id: emi_tenure
Trying to find Element By : By.id: emi_tenure
Found Element By : By.id: emi_tenure
Trying to find Element By : By.id: emi_tenure
Found Element By : By.id: emi_tenure
25.0
Trying to find Element By : By.id: emi_interest
Found Element By : By.id: emi_interest
Trying to find Element By : By.id: emi_interest
Found Element By : By.id: emi_interest
Trying to find Element By : By.id: emi_interest
Found Element By : By.id: emi_interest
9.5
Trying to find Element By : By.xpath: //span[@class='js-emi val']
Found Element By : By.xpath: //span[@class='js-emi val']
2.41
Trying to find Element By : By.xpath: //span[@class='js-emi val']
Found Element By : By.xpath: //span[@class='js-emi val']
2.41
Trying to find Element By : By.xpath: //span[@class='js-emi val']
Found Element By : By.xpath: //span[@class='js-emi val']
2.41
]]></system-out>
    <system-err><![CDATA[Starting ChromeDriver 2.38.552522 (437e6fbedfa8762dec75e2c5b3ddb86763dc9dcb) on port 3978
Only local connections are allowed.
Jul 17, 2020 10:20:34 PM org.openqa.selenium.remote.ProtocolHandshake createSession
INFO: Detected dialect: OSS
]]></system-err>
  </testcase>
  <testcase name="get_monthly_emi_calc[5000000.0, 20.0, 10.0](3)" classname="com.makaan.qa.testpages.HomeLoanTestPage" time="7.6">
    <system-out><![CDATA[Before navigating to: 'https://www.makaan.com/'
Navigated to:'https://www.makaan.com/'
[INFO ] 2020-07-17 22:20:54.593 [main] LoginPage - Click on login button
Trying to find Element By : By.xpath: //div[text()='Log In']
Found Element By : By.xpath: //div[text()='Log In']
Trying to find Element By : By.xpath: //div[text()='Log In']
Found Element By : By.xpath: //div[text()='Log In']
Trying to find Element By : By.xpath: //div[text()='Log In']
Found Element By : By.xpath: //div[text()='Log In']
Trying to find Element By : By.xpath: //div[text()='Log In']
Found Element By : By.xpath: //div[text()='Log In']
Trying to click on: [[ChromeDriver: chrome on XP (4fe17c63b13075ea59b04054984d1f25)] -> xpath: //div[text()='Log In']]
Clicked on: [[ChromeDriver: chrome on XP (4fe17c63b13075ea59b04054984d1f25)] -> xpath: //div[text()='Log In']]
[INFO ] 2020-07-17 22:20:56.060 [main] LoginPage - Click on email button
Trying to find Element By : By.xpath: //div[text()='Login with email']
Found Element By : By.xpath: //div[text()='Login with email']
Trying to find Element By : By.xpath: //div[text()='Login with email']
Found Element By : By.xpath: //div[text()='Login with email']
Trying to find Element By : By.xpath: //div[text()='Login with email']
Found Element By : By.xpath: //div[text()='Login with email']
Trying to click on: [[ChromeDriver: chrome on XP (4fe17c63b13075ea59b04054984d1f25)] -> xpath: //div[text()='Login with email']]
Clicked on: [[ChromeDriver: chrome on XP (4fe17c63b13075ea59b04054984d1f25)] -> xpath: //div[text()='Login with email']]
[INFO ] 2020-07-17 22:20:57.212 [main] LoginPage - Enter test data in email and password fields
Trying to find Element By : By.id: username
Found Element By : By.id: username
Trying to find Element By : By.id: username
Found Element By : By.id: username
Trying to find Element By : By.id: password
Found Element By : By.id: password
Trying to find Element By : By.id: password
Found Element By : By.id: password
Trying to find Element By : By.xpath: //div[text()='Login']
Found Element By : By.xpath: //div[text()='Login']
Trying to find Element By : By.xpath: //div[text()='Login']
Found Element By : By.xpath: //div[text()='Login']
Trying to find Element By : By.xpath: //div[text()='Login']
Found Element By : By.xpath: //div[text()='Login']
Trying to click on: [[ChromeDriver: chrome on XP (4fe17c63b13075ea59b04054984d1f25)] -> xpath: //div[text()='Login']]
Clicked on: [[ChromeDriver: chrome on XP (4fe17c63b13075ea59b04054984d1f25)] -> xpath: //div[text()='Login']]
[INFO ] 2020-07-17 22:20:58.696 [main] HomeLoanPage - Makaan Home Loan
Trying to find Element By : By.xpath: (//li[@class='home-loan ']//a/span)[2]
Found Element By : By.xpath: (//li[@class='home-loan ']//a/span)[2]
Trying to find Element By : By.xpath: (//li[@class='home-loan ']//a/span)[2]
Found Element By : By.xpath: (//li[@class='home-loan ']//a/span)[2]
Trying to find Element By : By.xpath: (//li[@class='home-loan ']//a/span)[2]
Found Element By : By.xpath: (//li[@class='home-loan ']//a/span)[2]
Trying to find Element By : By.xpath: //span[@data-type='calculate_homeloan']/i/img
Found Element By : By.xpath: //span[@data-type='calculate_homeloan']/i/img
Trying to find Element By : By.xpath: //span[@data-type='calculate_homeloan']/i/img
Found Element By : By.xpath: //span[@data-type='calculate_homeloan']/i/img
Trying to find Element By : By.xpath: //span[@data-type='calculate_homeloan']/i/img
Found Element By : By.xpath: //span[@data-type='calculate_homeloan']/i/img
Trying to find Element By : By.id: emi_income
Found Element By : By.id: emi_income
Trying to find Element By : By.id: emi_income
Found Element By : By.id: emi_income
5000000.0
Trying to find Element By : By.id: emi_tenure
Found Element By : By.id: emi_tenure
Trying to find Element By : By.id: emi_tenure
Found Element By : By.id: emi_tenure
Trying to find Element By : By.id: emi_tenure
Found Element By : By.id: emi_tenure
20.0
Trying to find Element By : By.id: emi_interest
Found Element By : By.id: emi_interest
Trying to find Element By : By.id: emi_interest
Found Element By : By.id: emi_interest
Trying to find Element By : By.id: emi_interest
Found Element By : By.id: emi_interest
10.0
Trying to find Element By : By.xpath: //span[@class='js-emi val']
Found Element By : By.xpath: //span[@class='js-emi val']
4.33
Trying to find Element By : By.xpath: //span[@class='js-emi val']
Found Element By : By.xpath: //span[@class='js-emi val']
4.33
Trying to find Element By : By.xpath: //span[@class='js-emi val']
Found Element By : By.xpath: //span[@class='js-emi val']
4.33
]]></system-out>
    <system-err><![CDATA[Starting ChromeDriver 2.38.552522 (437e6fbedfa8762dec75e2c5b3ddb86763dc9dcb) on port 8540
Only local connections are allowed.
Jul 17, 2020 10:20:50 PM org.openqa.selenium.remote.ProtocolHandshake createSession
INFO: Detected dialect: OSS
]]></system-err>
  </testcase>
</testsuite>