<?xml version="1.0" encoding="UTF-8"?>
<testng-results skipped="0" failed="1" ignored="0" total="5" passed="4">
  <reporter-output>
  </reporter-output>
  <suite name="Default suite" duration-ms="66172" started-at="2020-07-17T17:12:20Z" finished-at="2020-07-17T17:13:26Z">
    <groups>
    </groups>
    <test name="Default test" duration-ms="66172" started-at="2020-07-17T17:12:20Z" finished-at="2020-07-17T17:13:26Z">
      <class name="com.makaan.qa.testpages.HomePageTest">
        <test-method status="PASS" signature="setup()[pri:0, instance:com.makaan.qa.testpages.HomePageTest@4667ae56]" name="setup" is-config="true" duration-ms="10057" started-at="2020-07-17T22:42:20Z" finished-at="2020-07-17T22:42:30Z">
          <reporter-output>
          </reporter-output>
        </test-method> <!-- setup -->
        <test-method status="PASS" signature="verifylogo()[pri:1, instance:com.makaan.qa.testpages.HomePageTest@4667ae56]" name="verifylogo" duration-ms="243" started-at="2020-07-17T22:42:30Z" finished-at="2020-07-17T22:42:30Z">
          <reporter-output>
          </reporter-output>
        </test-method> <!-- verifylogo -->
        <test-method status="PASS" signature="teardown()[pri:0, instance:com.makaan.qa.testpages.HomePageTest@4667ae56]" name="teardown" is-config="true" duration-ms="1206" started-at="2020-07-17T22:42:30Z" finished-at="2020-07-17T22:42:31Z">
          <reporter-output>
          </reporter-output>
        </test-method> <!-- teardown -->
        <test-method status="PASS" signature="setup()[pri:0, instance:com.makaan.qa.testpages.HomePageTest@4667ae56]" name="setup" is-config="true" duration-ms="6548" started-at="2020-07-17T22:42:31Z" finished-at="2020-07-17T22:42:38Z">
          <reporter-output>
          </reporter-output>
        </test-method> <!-- setup -->
        <test-method status="PASS" signature="verifylist()[pri:2, instance:com.makaan.qa.testpages.HomePageTest@4667ae56]" name="verifylist" duration-ms="1080" started-at="2020-07-17T22:42:38Z" finished-at="2020-07-17T22:42:39Z">
          <reporter-output>
          </reporter-output>
        </test-method> <!-- verifylist -->
        <test-method status="PASS" signature="teardown()[pri:0, instance:com.makaan.qa.testpages.HomePageTest@4667ae56]" name="teardown" is-config="true" duration-ms="812" started-at="2020-07-17T22:42:39Z" finished-at="2020-07-17T22:42:40Z">
          <reporter-output>
          </reporter-output>
        </test-method> <!-- teardown -->
        <test-method status="PASS" signature="setup()[pri:0, instance:com.makaan.qa.testpages.HomePageTest@4667ae56]" name="setup" is-config="true" duration-ms="6899" started-at="2020-07-17T22:42:40Z" finished-at="2020-07-17T22:42:47Z">
          <reporter-output>
          </reporter-output>
        </test-method> <!-- setup -->
        <test-method status="FAIL" signature="verify_buy_gettext()[pri:3, instance:com.makaan.qa.testpages.HomePageTest@4667ae56]" name="verify_buy_gettext" duration-ms="20451" started-at="2020-07-17T22:42:47Z" finished-at="2020-07-17T22:43:07Z">
          <exception class="org.openqa.selenium.TimeoutException">
            <message>
              <![CDATA[Expected condition failed: waiting for text ('pick location, builder or project') to be present in element [[ChromeDriver: chrome on XP (0df04a0057041bc7fe2a84a055866ed8)] -> xpath: (//input[@class='js-input thinput'])[2]] (tried for 20 second(s) with 500 milliseconds interval)
Build info: version: '3.141.59', revision: 'e82be7d358', time: '2018-11-14T08:17:03'
System info: host: 'JFSF16135683', ip: '172.20.17.34', os.name: 'Windows 10', os.arch: 'amd64', os.version: '10.0', java.version: '1.8.0_172'
Driver info: org.openqa.selenium.support.events.EventFiringWebDriver
Capabilities {acceptInsecureCerts: false, acceptSslCerts: false, applicationCacheEnabled: false, browserConnectionEnabled: false, browserName: chrome, chrome: {chromedriverVersion: 2.38.552522 (437e6fbedfa876..., userDataDir: C:\Users\MOHITM~1.COG\AppDa...}, cssSelectorsEnabled: true, databaseEnabled: false, handlesAlerts: true, hasTouchScreen: false, javascriptEnabled: true, locationContextEnabled: true, mobileEmulationEnabled: false, nativeEvents: true, networkConnectionEnabled: false, pageLoadStrategy: normal, platform: XP, platformName: XP, rotatable: false, setWindowRect: true, takesHeapSnapshot: true, takesScreenshot: true, unexpectedAlertBehaviour: , unhandledPromptBehavior: , version: 84.0.4147.89, webStorageEnabled: true}
Session ID: 0df04a0057041bc7fe2a84a055866ed8]]>
            </message>
            <full-stacktrace>
              <![CDATA[org.openqa.selenium.TimeoutException: Expected condition failed: waiting for text ('pick location, builder or project') to be present in element [[ChromeDriver: chrome on XP (0df04a0057041bc7fe2a84a055866ed8)] -> xpath: (//input[@class='js-input thinput'])[2]] (tried for 20 second(s) with 500 milliseconds interval)
Build info: version: '3.141.59', revision: 'e82be7d358', time: '2018-11-14T08:17:03'
System info: host: 'JFSF16135683', ip: '172.20.17.34', os.name: 'Windows 10', os.arch: 'amd64', os.version: '10.0', java.version: '1.8.0_172'
Driver info: org.openqa.selenium.support.events.EventFiringWebDriver
Capabilities {acceptInsecureCerts: false, acceptSslCerts: false, applicationCacheEnabled: false, browserConnectionEnabled: false, browserName: chrome, chrome: {chromedriverVersion: 2.38.552522 (437e6fbedfa876..., userDataDir: C:\Users\MOHITM~1.COG\AppDa...}, cssSelectorsEnabled: true, databaseEnabled: false, handlesAlerts: true, hasTouchScreen: false, javascriptEnabled: true, locationContextEnabled: true, mobileEmulationEnabled: false, nativeEvents: true, networkConnectionEnabled: false, pageLoadStrategy: normal, platform: XP, platformName: XP, rotatable: false, setWindowRect: true, takesHeapSnapshot: true, takesScreenshot: true, unexpectedAlertBehaviour: , unhandledPromptBehavior: , version: 84.0.4147.89, webStorageEnabled: true}
Session ID: 0df04a0057041bc7fe2a84a055866ed8
	at org.openqa.selenium.support.ui.WebDriverWait.timeoutException(WebDriverWait.java:95)
	at org.openqa.selenium.support.ui.FluentWait.until(FluentWait.java:272)
	at com.makaan.qa.pages.HomePage.getext(HomePage.java:68)
	at com.makaan.qa.testpages.HomePageTest.verify_buy_gettext(HomePageTest.java:40)
	at sun.reflect.NativeMethodAccessorImpl.invoke0(Native Method)
	at sun.reflect.NativeMethodAccessorImpl.invoke(NativeMethodAccessorImpl.java:62)
	at sun.reflect.DelegatingMethodAccessorImpl.invoke(DelegatingMethodAccessorImpl.java:43)
	at java.lang.reflect.Method.invoke(Method.java:498)
	at org.testng.internal.MethodInvocationHelper.invokeMethod(MethodInvocationHelper.java:108)
	at org.testng.internal.Invoker.invokeMethod(Invoker.java:661)
	at org.testng.internal.Invoker.invokeTestMethod(Invoker.java:869)
	at org.testng.internal.Invoker.invokeTestMethods(Invoker.java:1193)
	at org.testng.internal.TestMethodWorker.invokeTestMethods(TestMethodWorker.java:126)
	at org.testng.internal.TestMethodWorker.run(TestMethodWorker.java:109)
	at org.testng.TestRunner.privateRun(TestRunner.java:744)
	at org.testng.TestRunner.run(TestRunner.java:602)
	at org.testng.SuiteRunner.runTest(SuiteRunner.java:380)
	at org.testng.SuiteRunner.runSequentially(SuiteRunner.java:375)
	at org.testng.SuiteRunner.privateRun(SuiteRunner.java:340)
	at org.testng.SuiteRunner.run(SuiteRunner.java:289)
	at org.testng.SuiteRunnerWorker.runSuite(SuiteRunnerWorker.java:52)
	at org.testng.SuiteRunnerWorker.run(SuiteRunnerWorker.java:86)
	at org.testng.TestNG.runSuitesSequentially(TestNG.java:1301)
	at org.testng.TestNG.runSuitesLocally(TestNG.java:1226)
	at org.testng.TestNG.runSuites(TestNG.java:1144)
	at org.testng.TestNG.run(TestNG.java:1115)
	at org.testng.remote.AbstractRemoteTestNG.run(AbstractRemoteTestNG.java:114)
	at org.testng.remote.RemoteTestNG.initAndRun(RemoteTestNG.java:251)
	at org.testng.remote.RemoteTestNG.main(RemoteTestNG.java:77)
]]>
            </full-stacktrace>
          </exception> <!-- org.openqa.selenium.TimeoutException -->
          <reporter-output>
          </reporter-output>
        </test-method> <!-- verify_buy_gettext -->
        <test-method status="PASS" signature="teardown()[pri:0, instance:com.makaan.qa.testpages.HomePageTest@4667ae56]" name="teardown" is-config="true" duration-ms="828" started-at="2020-07-17T22:43:07Z" finished-at="2020-07-17T22:43:08Z">
          <reporter-output>
          </reporter-output>
        </test-method> <!-- teardown -->
        <test-method status="PASS" signature="setup()[pri:0, instance:com.makaan.qa.testpages.HomePageTest@4667ae56]" name="setup" is-config="true" duration-ms="7593" started-at="2020-07-17T22:43:08Z" finished-at="2020-07-17T22:43:16Z">
          <reporter-output>
          </reporter-output>
        </test-method> <!-- setup -->
        <test-method status="PASS" signature="verify_rent_gettext()[pri:4, instance:com.makaan.qa.testpages.HomePageTest@4667ae56]" name="verify_rent_gettext" duration-ms="1134" started-at="2020-07-17T22:43:16Z" finished-at="2020-07-17T22:43:17Z">
          <reporter-output>
          </reporter-output>
        </test-method> <!-- verify_rent_gettext -->
        <test-method status="PASS" signature="teardown()[pri:0, instance:com.makaan.qa.testpages.HomePageTest@4667ae56]" name="teardown" is-config="true" duration-ms="746" started-at="2020-07-17T22:43:17Z" finished-at="2020-07-17T22:43:18Z">
          <reporter-output>
          </reporter-output>
        </test-method> <!-- teardown -->
        <test-method status="PASS" signature="setup()[pri:0, instance:com.makaan.qa.testpages.HomePageTest@4667ae56]" name="setup" is-config="true" duration-ms="6861" started-at="2020-07-17T22:43:18Z" finished-at="2020-07-17T22:43:24Z">
          <reporter-output>
          </reporter-output>
        </test-method> <!-- setup -->
        <test-method status="PASS" signature="verify_agents_gettext()[pri:5, instance:com.makaan.qa.testpages.HomePageTest@4667ae56]" name="verify_agents_gettext" duration-ms="883" started-at="2020-07-17T22:43:24Z" finished-at="2020-07-17T22:43:25Z">
          <reporter-output>
          </reporter-output>
        </test-method> <!-- verify_agents_gettext -->
        <test-method status="PASS" signature="teardown()[pri:0, instance:com.makaan.qa.testpages.HomePageTest@4667ae56]" name="teardown" is-config="true" duration-ms="778" started-at="2020-07-17T22:43:25Z" finished-at="2020-07-17T22:43:26Z">
          <reporter-output>
          </reporter-output>
        </test-method> <!-- teardown -->
      </class> <!-- com.makaan.qa.testpages.HomePageTest -->
    </test> <!-- Default test -->
  </suite> <!-- Default suite -->
</testng-results>
