<?xml version="1.0" encoding="UTF-8"?>
<!-- Generated by org.testng.reporters.JUnitXMLReporter -->
<testsuite hostname="JFSF16135683" ignored="0" name="Command line test" tests="5" failures="0" timestamp="16 Jul 2020 14:16:48 GMT" time="49.855" errors="0">
  <testcase name="verifylogo" time="0.318" classname="com.makaan.qa.testpages.HomePageTest"/>
  <testcase name="verifylist" time="1.727" classname="com.makaan.qa.testpages.HomePageTest"/>
  <testcase name="verify_buy_gettext" time="0.114" classname="com.makaan.qa.testpages.HomePageTest"/>
  <testcase name="verify_rent_gettext" time="1.282" classname="com.makaan.qa.testpages.HomePageTest"/>
  <testcase name="verify_agents_gettext" time="1.078" classname="com.makaan.qa.testpages.HomePageTest"/>
</testsuite> <!-- Command line test -->
